<?xml version="1.0" encoding="UTF-8"?>
<testsuite name="ejercicio1Test.DateUtilsTest" tests="24" skipped="0" failures="0" errors="0" timestamp="2022-02-17T06:47:54" hostname="SANTIAGO" time="0.142">
  <properties/>
  <testcase name="[1] 1, mayo, 2006, 2 mayo 2006" classname="ejercicio1Test.DateUtilsTest" time="0.047"/>
  <testcase name="[2] 8, mayo, 1978, 9 mayo 1978" classname="ejercicio1Test.DateUtilsTest" time="0.003"/>
  <testcase name="[3] 10, junio, 2000, 11 junio 2000" classname="ejercicio1Test.DateUtilsTest" time="0.002"/>
  <testcase name="[4] 22, diciembre, 1975, 23 diciembre 1975" classname="ejercicio1Test.DateUtilsTest" time="0.003"/>
  <testcase name="[5] 19, marzo, 2012, 20 marzo 2012" classname="ejercicio1Test.DateUtilsTest" time="0.003"/>
  <testcase name="[6] 28, febrero, 2019, 1 marzo 2019" classname="ejercicio1Test.DateUtilsTest" time="0.003"/>
  <testcase name="[7] 29, febrero, 2000, 1 marzo 2000" classname="ejercicio1Test.DateUtilsTest" time="0.002"/>
  <testcase name="[8] 31, diciembre, 1900, 1 enero 1901" classname="ejercicio1Test.DateUtilsTest" time="0.001"/>
  <testcase name="[9] -1, enero, 2000, Dia Incorrecto" classname="ejercicio1Test.DateUtilsTest" time="0.002"/>
  <testcase name="[10] 29, febrero, 2006, Dia Incorrecto" classname="ejercicio1Test.DateUtilsTest" time="0.0"/>
  <testcase name="[11] 33, marzo, 2001, Dia Incorrecto" classname="ejercicio1Test.DateUtilsTest" time="0.001"/>
  <testcase name="[12] 0, marzo, 2001, Dia Incorrecto" classname="ejercicio1Test.DateUtilsTest" time="0.002"/>
  <testcase name="[13] 10, January, 2000, Mes Incorrecto" classname="ejercicio1Test.DateUtilsTest" time="0.001"/>
  <testcase name="[14] 1, June, 2015, Mes Incorrecto" classname="ejercicio1Test.DateUtilsTest" time="0.003"/>
  <testcase name="[15] 14, maoy, 1964, Mes Incorrecto" classname="ejercicio1Test.DateUtilsTest" time="0.001"/>
  <testcase name="[16] 1, HelloWorld, 1999, Mes Incorrecto" classname="ejercicio1Test.DateUtilsTest" time="0.009"/>
  <testcase name="[17] 28, marzo, -3, Gestion Incorrecta" classname="ejercicio1Test.DateUtilsTest" time="0.001"/>
  <testcase name="[18] 11, abril, 0, Gestion Incorrecta" classname="ejercicio1Test.DateUtilsTest" time="0.001"/>
  <testcase name="[19] 3, octubre, -11, Gestion Incorrecta" classname="ejercicio1Test.DateUtilsTest" time="0.001"/>
  <testcase name="[20] 11, noviembre, -100, Gestion Incorrecta" classname="ejercicio1Test.DateUtilsTest" time="0.002"/>
  <testcase name="[21] -1, marzo, -3, Ingresar Nuevos Datos" classname="ejercicio1Test.DateUtilsTest" time="0.001"/>
  <testcase name="[22] 11, HelloWorld, -1, Ingresar Nuevos Datos" classname="ejercicio1Test.DateUtilsTest" time="0.003"/>
  <testcase name="[23] -1, HelloWorld, 11, Ingresar Nuevos Datos" classname="ejercicio1Test.DateUtilsTest" time="0.001"/>
  <testcase name="[24] -11, HelloWorld, -100, Ingresar Nuevos Datos" classname="ejercicio1Test.DateUtilsTest" time="0.001"/>
  <system-out><![CDATA[]]></system-out>
  <system-err><![CDATA[]]></system-err>
</testsuite>
